Using pre-set license
Built from '2020.2/release' branch; Version is '2020.2.2f1 (068178b99f32) revision 426360'; Using compiler version '192528614'; Build Type 'Release'
OS: 'Windows 10 Home Single Language; OS build 19045.2130; Version 2009; 64bit' Language: 'en' Physical Memory: 16226 MB
BatchMode: 1, IsHumanControllingUs: 0, StartBugReporterOnCrash: 0, Is64bit: 1, IsPro: 0

 COMMAND LINE ARGUMENTS:
D:\Program Files\Unity\2020.2.2f1\Editor\Unity.exe
-adb2
-batchMode
-noUpm
-name
AssetImportWorker0
-projectPath
F:/Unity-Side-Projects/Playground
-logFile
Logs/AssetImportWorker0.log
-srvPort
3039
Successfully changed project path to: F:/Unity-Side-Projects/Playground
F:/Unity-Side-Projects/Playground
Using Asset Import Pipeline V2.
Cannot set VR devices because the platform passed isn't supported by Unity.

Cannot set VR devices because the platform passed isn't supported by Unity.

Cannot set VR devices because the platform passed isn't supported by Unity.

Cannot set VR devices because the platform passed isn't supported by Unity.

Cannot set VR devices because the platform passed isn't supported by Unity.

Cannot set VR devices because the platform passed isn't supported by Unity.

Cannot set VR devices because the platform passed isn't supported by Unity.

Cannot set VR devices because the platform passed isn't supported by Unity.

Cannot set VR devices because the platform passed isn't supported by Unity.

Cannot set VR devices because the platform passed isn't supported by Unity.

Cannot set VR devices because the platform passed isn't supported by Unity.

Refreshing native plugins compatible for Editor in 37.02 ms, found 0 plugins.
Preloading 0 native plugins for Editor in 0.00 ms.
Initialize engine version: 2020.2.2f1 (068178b99f32)
[Subsystems] Discovering subsystems at path D:/Program Files/Unity/2020.2.2f1/Editor/Data/Resources/UnitySubsystems
[Subsystems] Discovering subsystems at path F:/Unity-Side-Projects/Playground/Assets
GfxDevice: creating device client; threaded=0
Direct3D:
    Version:  Direct3D 11.0 [level 11.1]
    Renderer: NVIDIA GeForce GTX 1050 Ti (ID=0x1c8c)
    Vendor:   
    VRAM:     4019 MB
    Driver:   31.0.15.1659
Initialize mono
Mono path[0] = 'D:/Program Files/Unity/2020.2.2f1/Editor/Data/Managed'
Mono path[1] = 'D:/Program Files/Unity/2020.2.2f1/Editor/Data/MonoBleedingEdge/lib/mono/unityjit'
Mono config path = 'D:/Program Files/Unity/2020.2.2f1/Editor/Data/MonoBleedingEdge/etc'
Using monoOptions --debugger-agent=transport=dt_socket,embedding=1,server=y,suspend=n,address=127.0.0.1:56944
Begin MonoManager ReloadAssembly
Registering precompiled unity dll's ...
Register platform support module: D:/Program Files/Unity/2020.2.2f1/Editor/Data/PlaybackEngines/WindowsStandaloneSupport/UnityEditor.WindowsStandalone.Extensions.dll
Registered in 0.005303 seconds.
Native extension for WindowsStandalone target not found
Refreshing native plugins compatible for Editor in 46.90 ms, found 0 plugins.
Preloading 0 native plugins for Editor in 0.00 ms.
Invoked RoslynAnalysisRunner static constructor.
RoslynAnalysisRunner will not be running.
RoslynAnalysisRunner has terminated.
Mono: successfully reloaded assembly
- Completed reload, in  2.213 seconds
Platform modules already initialized, skipping
Registering precompiled user dll's ...
Registered in 0.001218 seconds.
Begin MonoManager ReloadAssembly
Native extension for WindowsStandalone target not found
Refreshing native plugins compatible for Editor in 0.25 ms, found 0 plugins.
Preloading 0 native plugins for Editor in 0.00 ms.
Invoked RoslynAnalysisRunner static constructor.
RoslynAnalysisRunner will not be running.
RoslynAnalysisRunner has terminated.
Mono: successfully reloaded assembly
- Completed reload, in  1.269 seconds
Platform modules already initialized, skipping
========================================================================
Worker process is ready to serve import requests
Cannot set VR devices because the platform passed isn't supported by Unity.

Cannot set VR devices because the platform passed isn't supported by Unity.

Cannot set VR devices because the platform passed isn't supported by Unity.

Cannot set VR devices because the platform passed isn't supported by Unity.

Cannot set VR devices because the platform passed isn't supported by Unity.

Cannot set VR devices because the platform passed isn't supported by Unity.

Cannot set VR devices because the platform passed isn't supported by Unity.

Cannot set VR devices because the platform passed isn't supported by Unity.

Cannot set VR devices because the platform passed isn't supported by Unity.

Cannot set VR devices because the platform passed isn't supported by Unity.

Cannot set VR devices because the platform passed isn't supported by Unity.

Launched and connected shader compiler UnityShaderCompiler.exe after 0.07 seconds
Refreshing native plugins compatible for Editor in 0.31 ms, found 0 plugins.
Preloading 0 native plugins for Editor in 0.00 ms.
Unloading 1165 Unused Serialized files (Serialized files now loaded: 0)
System memory in use before: 58.2 MB.
System memory in use after: 58.3 MB.

Unloading 9 unused Assets to reduce memory usage. Loaded Objects now: 1606.
Total: 2.568300 ms (FindLiveObjects: 0.250800 ms CreateObjectMapping: 0.101600 ms MarkObjects: 2.115600 ms  DeleteObjects: 0.098600 ms)

========================================================================
Received Import Request.
  path: Assets/Scripts
  artifactKey: Guid(6ea7147fca65441ef818f590e550ffae) Importer(815301076,1909f56bfc062723c751e8b465ee728b)
Start importing Assets/Scripts using Guid(6ea7147fca65441ef818f590e550ffae) Importer(815301076,1909f56bfc062723c751e8b465ee728b)  -> (artifact id: 'cb1dcd467263d26a57ef132b7f4f5ef2') in 0.013438 seconds
  Import took 0.016972 seconds .

========================================================================
Received Import Request.
  Time since last request: 0.581453 seconds.
  path: Assets/Scenes
  artifactKey: Guid(9d969df50a2764da8b98e99600e0a6d5) Importer(815301076,1909f56bfc062723c751e8b465ee728b)
Start importing Assets/Scenes using Guid(9d969df50a2764da8b98e99600e0a6d5) Importer(815301076,1909f56bfc062723c751e8b465ee728b)  -> (artifact id: 'b9226bef36725ffa9b5e20ba737893ea') in 0.022692 seconds
  Import took 0.025201 seconds .

========================================================================
Received Import Request.
  Time since last request: 11.213879 seconds.
  path: Assets/Scenes/Defender
  artifactKey: Guid(32dfd7d526e584d2a909f933a272a5fd) Importer(815301076,1909f56bfc062723c751e8b465ee728b)
Start importing Assets/Scenes/Defender using Guid(32dfd7d526e584d2a909f933a272a5fd) Importer(815301076,1909f56bfc062723c751e8b465ee728b)  -> (artifact id: '70614cc023ec4bc724a8ac4bfad8950d') in 0.010758 seconds
  Import took 0.013742 seconds .

========================================================================
Received Import Request.
  Time since last request: 0.116939 seconds.
  path: Assets/Scenes/Defender/LaserBeam.prefab
  artifactKey: Guid(c9ddfe9d025db4b058cfab0c1466019c) Importer(815301076,1909f56bfc062723c751e8b465ee728b)
Start importing Assets/Scenes/Defender/LaserBeam.prefab using Guid(c9ddfe9d025db4b058cfab0c1466019c) Importer(815301076,1909f56bfc062723c751e8b465ee728b)  -> (artifact id: '573841c5e4168aea00dbaa6db56df8b3') in 0.394239 seconds
  Import took 0.456110 seconds .

========================================================================
Received Import Request.
  Time since last request: 0.000248 seconds.
  path: Assets/Scenes/Defender/Meteor.prefab
  artifactKey: Guid(8177d22e11d634712aa2c506186fc6bc) Importer(815301076,1909f56bfc062723c751e8b465ee728b)
Start importing Assets/Scenes/Defender/Meteor.prefab using Guid(8177d22e11d634712aa2c506186fc6bc) Importer(815301076,1909f56bfc062723c751e8b465ee728b)  -> (artifact id: '799d3971ba54ed46f55916b236b01cb5') in 0.048371 seconds
  Import took 0.052361 seconds .

========================================================================
Received Prepare
Cannot set VR devices because the platform passed isn't supported by Unity.

Cannot set VR devices because the platform passed isn't supported by Unity.

Cannot set VR devices because the platform passed isn't supported by Unity.

Cannot set VR devices because the platform passed isn't supported by Unity.

Cannot set VR devices because the platform passed isn't supported by Unity.

Cannot set VR devices because the platform passed isn't supported by Unity.

Cannot set VR devices because the platform passed isn't supported by Unity.

Cannot set VR devices because the platform passed isn't supported by Unity.

Cannot set VR devices because the platform passed isn't supported by Unity.

Cannot set VR devices because the platform passed isn't supported by Unity.

Cannot set VR devices because the platform passed isn't supported by Unity.

Registering precompiled user dll's ...
Registered in 0.000838 seconds.
Begin MonoManager ReloadAssembly
Native extension for WindowsStandalone target not found
Refreshing native plugins compatible for Editor in 0.38 ms, found 0 plugins.
Preloading 0 native plugins for Editor in 0.00 ms.
Invoked RoslynAnalysisRunner static constructor.
RoslynAnalysisRunner will not be running.
RoslynAnalysisRunner has terminated.
Mono: successfully reloaded assembly
- Completed reload, in  1.337 seconds
Platform modules already initialized, skipping
Refreshing native plugins compatible for Editor in 0.34 ms, found 0 plugins.
Preloading 0 native plugins for Editor in 0.00 ms.
Unloading 1159 Unused Serialized files (Serialized files now loaded: 0)
System memory in use before: 61.2 MB.
System memory in use after: 61.3 MB.

Unloading 4 unused Assets to reduce memory usage. Loaded Objects now: 1617.
Total: 2.569000 ms (FindLiveObjects: 0.210700 ms CreateObjectMapping: 0.051700 ms MarkObjects: 2.285800 ms  DeleteObjects: 0.019000 ms)

========================================================================
Received Import Request.
  Time since last request: 43.833082 seconds.
  path: Assets/Scenes/Defender/Defender.unity
  artifactKey: Guid(b1b937fcf0e2443e7af7bc3b845e57fe) Importer(815301076,1909f56bfc062723c751e8b465ee728b)
Start importing Assets/Scenes/Defender/Defender.unity using Guid(b1b937fcf0e2443e7af7bc3b845e57fe) Importer(815301076,1909f56bfc062723c751e8b465ee728b)  -> (artifact id: '785f1595eb592c032b9957c457543793') in 0.043562 seconds
  Import took 0.107846 seconds .

========================================================================
Received Prepare
Cannot set VR devices because the platform passed isn't supported by Unity.

Cannot set VR devices because the platform passed isn't supported by Unity.

Cannot set VR devices because the platform passed isn't supported by Unity.

Cannot set VR devices because the platform passed isn't supported by Unity.

Cannot set VR devices because the platform passed isn't supported by Unity.

Cannot set VR devices because the platform passed isn't supported by Unity.

Cannot set VR devices because the platform passed isn't supported by Unity.

Cannot set VR devices because the platform passed isn't supported by Unity.

Cannot set VR devices because the platform passed isn't supported by Unity.

Cannot set VR devices because the platform passed isn't supported by Unity.

Cannot set VR devices because the platform passed isn't supported by Unity.

Registering precompiled user dll's ...
Registered in 0.000818 seconds.
Begin MonoManager ReloadAssembly
Native extension for WindowsStandalone target not found
Refreshing native plugins compatible for Editor in 0.29 ms, found 0 plugins.
Preloading 0 native plugins for Editor in 0.00 ms.
Invoked RoslynAnalysisRunner static constructor.
RoslynAnalysisRunner will not be running.
RoslynAnalysisRunner has terminated.
Mono: successfully reloaded assembly
- Completed reload, in  1.146 seconds
Platform modules already initialized, skipping
Refreshing native plugins compatible for Editor in 0.31 ms, found 0 plugins.
Preloading 0 native plugins for Editor in 0.00 ms.
Unloading 1159 Unused Serialized files (Serialized files now loaded: 0)
System memory in use before: 61.3 MB.
System memory in use after: 61.4 MB.

Unloading 4 unused Assets to reduce memory usage. Loaded Objects now: 1619.
Total: 3.702700 ms (FindLiveObjects: 0.191600 ms CreateObjectMapping: 0.051400 ms MarkObjects: 3.438300 ms  DeleteObjects: 0.019600 ms)

========================================================================
Received Import Request.
  Time since last request: 79.468592 seconds.
  path: Assets/Scenes/Lander
  artifactKey: Guid(2f9191736fc3e430082e080714a7b981) Importer(815301076,1909f56bfc062723c751e8b465ee728b)
Start importing Assets/Scenes/Lander using Guid(2f9191736fc3e430082e080714a7b981) Importer(815301076,1909f56bfc062723c751e8b465ee728b)  -> (artifact id: '885a9b59fabc92376457d3a12144140b') in 0.008341 seconds
  Import took 0.010474 seconds .

========================================================================
Received Import Request.
  Time since last request: 0.001889 seconds.
  path: Assets/Scenes/Lander
  artifactKey: Guid(2f9191736fc3e430082e080714a7b981) Importer(815301076,1909f56bfc062723c751e8b465ee728b)
Start importing Assets/Scenes/Lander using Guid(2f9191736fc3e430082e080714a7b981) Importer(815301076,1909f56bfc062723c751e8b465ee728b)  -> (artifact id: '885a9b59fabc92376457d3a12144140b') in 0.001899 seconds
  Import took 0.004205 seconds .

========================================================================
Received Import Request.
  Time since last request: 0.558607 seconds.
  path: Assets/Scenes/Lander/Lander.unity
  artifactKey: Guid(3925160d1efe749d5a026cbf18c60f83) Importer(815301076,1909f56bfc062723c751e8b465ee728b)
Start importing Assets/Scenes/Lander/Lander.unity using Guid(3925160d1efe749d5a026cbf18c60f83) Importer(815301076,1909f56bfc062723c751e8b465ee728b)  -> (artifact id: 'c2ced905d074aebdac85b5b32c6aaf4f') in 0.013556 seconds
  Import took 0.015544 seconds .

========================================================================
Received Prepare
Cannot set VR devices because the platform passed isn't supported by Unity.

Cannot set VR devices because the platform passed isn't supported by Unity.

Cannot set VR devices because the platform passed isn't supported by Unity.

Cannot set VR devices because the platform passed isn't supported by Unity.

Cannot set VR devices because the platform passed isn't supported by Unity.

Cannot set VR devices because the platform passed isn't supported by Unity.

Cannot set VR devices because the platform passed isn't supported by Unity.

Cannot set VR devices because the platform passed isn't supported by Unity.

Cannot set VR devices because the platform passed isn't supported by Unity.

Cannot set VR devices because the platform passed isn't supported by Unity.

Cannot set VR devices because the platform passed isn't supported by Unity.

Registering precompiled user dll's ...
Registered in 0.000801 seconds.
Begin MonoManager ReloadAssembly
Native extension for WindowsStandalone target not found
Refreshing native plugins compatible for Editor in 0.61 ms, found 0 plugins.
Preloading 0 native plugins for Editor in 0.00 ms.
Invoked RoslynAnalysisRunner static constructor.
RoslynAnalysisRunner will not be running.
RoslynAnalysisRunner has terminated.
Mono: successfully reloaded assembly
- Completed reload, in  1.774 seconds
Platform modules already initialized, skipping
Refreshing native plugins compatible for Editor in 0.29 ms, found 0 plugins.
Preloading 0 native plugins for Editor in 0.00 ms.
Unloading 1159 Unused Serialized files (Serialized files now loaded: 0)
System memory in use before: 61.4 MB.
System memory in use after: 61.5 MB.

Unloading 4 unused Assets to reduce memory usage. Loaded Objects now: 1621.
Total: 2.272900 ms (FindLiveObjects: 0.172900 ms CreateObjectMapping: 0.049600 ms MarkObjects: 2.031900 ms  DeleteObjects: 0.017000 ms)

========================================================================
Received Import Request.
  Time since last request: 95.985387 seconds.
  path: Assets/Scenes/Maze
  artifactKey: Guid(51f96a73d19d14014a6423422629d5b8) Importer(815301076,1909f56bfc062723c751e8b465ee728b)
Start importing Assets/Scenes/Maze using Guid(51f96a73d19d14014a6423422629d5b8) Importer(815301076,1909f56bfc062723c751e8b465ee728b)  -> (artifact id: 'edc82ae66c82fa3c09870432ec71d9ce') in 0.015357 seconds
  Import took 0.017986 seconds .

========================================================================
Received Import Request.
  Time since last request: 0.043695 seconds.
  path: Assets/Scenes/Maze/Block.prefab
  artifactKey: Guid(5b9bdbfaa9cc84a8daef7fb586b5242a) Importer(815301076,1909f56bfc062723c751e8b465ee728b)
Start importing Assets/Scenes/Maze/Block.prefab using Guid(5b9bdbfaa9cc84a8daef7fb586b5242a) Importer(815301076,1909f56bfc062723c751e8b465ee728b)  -> (artifact id: '43e5a9a9615a8643da196a4d6e3e91d7') in 0.072935 seconds
  Import took 0.075179 seconds .

========================================================================
Received Import Request.
  Time since last request: 0.000320 seconds.
  path: Assets/Scenes/Maze/LongBlock.prefab
  artifactKey: Guid(08b756736ae104f27bd53762481020c2) Importer(815301076,1909f56bfc062723c751e8b465ee728b)
Start importing Assets/Scenes/Maze/LongBlock.prefab using Guid(08b756736ae104f27bd53762481020c2) Importer(815301076,1909f56bfc062723c751e8b465ee728b)  -> (artifact id: '5da32650a75968ff7885bb8a8ab861de') in 0.012479 seconds
  Import took 0.014628 seconds .

========================================================================
Received Import Request.
  Time since last request: 0.000310 seconds.
  path: Assets/Scenes/Maze/Coin.prefab
  artifactKey: Guid(2e23adf719b9a428c94221163d353aba) Importer(815301076,1909f56bfc062723c751e8b465ee728b)
Start importing Assets/Scenes/Maze/Coin.prefab using Guid(2e23adf719b9a428c94221163d353aba) Importer(815301076,1909f56bfc062723c751e8b465ee728b)  -> (artifact id: '6c5fd4a66a9fb88dcca2aced2d8657db') in 0.015821 seconds
  Import took 0.018441 seconds .

========================================================================
Received Import Request.
  Time since last request: 1.956883 seconds.
  path: Assets/Scenes/Maze/MazeLevel0.unity
  artifactKey: Guid(029e597475c3944a5b42678232c2822b) Importer(815301076,1909f56bfc062723c751e8b465ee728b)
Start importing Assets/Scenes/Maze/MazeLevel0.unity using Guid(029e597475c3944a5b42678232c2822b) Importer(815301076,1909f56bfc062723c751e8b465ee728b)  -> (artifact id: '55dc5b40ad75f50d6baa12d39db85f7b') in 0.007659 seconds
  Import took 0.009666 seconds .

========================================================================
Received Prepare
Cannot set VR devices because the platform passed isn't supported by Unity.

Cannot set VR devices because the platform passed isn't supported by Unity.

Cannot set VR devices because the platform passed isn't supported by Unity.

Cannot set VR devices because the platform passed isn't supported by Unity.

Cannot set VR devices because the platform passed isn't supported by Unity.

Cannot set VR devices because the platform passed isn't supported by Unity.

Cannot set VR devices because the platform passed isn't supported by Unity.

Cannot set VR devices because the platform passed isn't supported by Unity.

Cannot set VR devices because the platform passed isn't supported by Unity.

Cannot set VR devices because the platform passed isn't supported by Unity.

Cannot set VR devices because the platform passed isn't supported by Unity.

Registering precompiled user dll's ...
Registered in 0.000739 seconds.
Begin MonoManager ReloadAssembly
Native extension for WindowsStandalone target not found
Refreshing native plugins compatible for Editor in 0.33 ms, found 0 plugins.
Preloading 0 native plugins for Editor in 0.00 ms.
Invoked RoslynAnalysisRunner static constructor.
RoslynAnalysisRunner will not be running.
RoslynAnalysisRunner has terminated.
Mono: successfully reloaded assembly
- Completed reload, in  1.382 seconds
Platform modules already initialized, skipping
Refreshing native plugins compatible for Editor in 0.32 ms, found 0 plugins.
Preloading 0 native plugins for Editor in 0.00 ms.
Unloading 1159 Unused Serialized files (Serialized files now loaded: 0)
System memory in use before: 61.4 MB.
System memory in use after: 61.5 MB.

Unloading 4 unused Assets to reduce memory usage. Loaded Objects now: 1624.
Total: 3.028500 ms (FindLiveObjects: 0.197000 ms CreateObjectMapping: 0.070700 ms MarkObjects: 2.735400 ms  DeleteObjects: 0.023300 ms)

========================================================================
Received Import Request.
  Time since last request: 60.231497 seconds.
  path: Assets/Scenes/Roguelike
  artifactKey: Guid(58589301757274fed89875266d96fffa) Importer(815301076,1909f56bfc062723c751e8b465ee728b)
Start importing Assets/Scenes/Roguelike using Guid(58589301757274fed89875266d96fffa) Importer(815301076,1909f56bfc062723c751e8b465ee728b)  -> (artifact id: 'e71ec9e91da5c5f1967ca647f8874691') in 0.009271 seconds
  Import took 0.012327 seconds .

========================================================================
Received Import Request.
  Time since last request: 0.058084 seconds.
  path: Assets/Scenes/Roguelike/CoinResource.prefab
  artifactKey: Guid(5f5ddfd26659d48d89d2c954d8e4a5e8) Importer(815301076,1909f56bfc062723c751e8b465ee728b)
Start importing Assets/Scenes/Roguelike/CoinResource.prefab using Guid(5f5ddfd26659d48d89d2c954d8e4a5e8) Importer(815301076,1909f56bfc062723c751e8b465ee728b)  -> (artifact id: '96e3711789ee9dc70e1e56916d7d2f0b') in 0.070165 seconds
  Import took 0.072759 seconds .

========================================================================
Received Import Request.
  Time since last request: 0.000356 seconds.
  path: Assets/Scenes/Roguelike/Key.prefab
  artifactKey: Guid(5d5478520145643cbafc7b73d9840153) Importer(815301076,1909f56bfc062723c751e8b465ee728b)
Start importing Assets/Scenes/Roguelike/Key.prefab using Guid(5d5478520145643cbafc7b73d9840153) Importer(815301076,1909f56bfc062723c751e8b465ee728b)  -> (artifact id: '0b0dc448e6dee21161583540e38818b0') in 0.012973 seconds
  Import took 0.015294 seconds .

========================================================================
Received Import Request.
  Time since last request: 0.000320 seconds.
  path: Assets/Scenes/Roguelike/Ground.prefab
  artifactKey: Guid(4690e19586361409d9e45c5eb8398713) Importer(815301076,1909f56bfc062723c751e8b465ee728b)
Start importing Assets/Scenes/Roguelike/Ground.prefab using Guid(4690e19586361409d9e45c5eb8398713) Importer(815301076,1909f56bfc062723c751e8b465ee728b)  -> (artifact id: '38bed199ab1121ee88d6a8579f7680d9') in 0.015541 seconds
  Import took 0.018041 seconds .

========================================================================
Received Import Request.
  Time since last request: 0.000277 seconds.
  path: Assets/Scenes/Roguelike/StoneBlock.prefab
  artifactKey: Guid(668b8fc622d7e49e8bd9fa5621a7d6ec) Importer(815301076,1909f56bfc062723c751e8b465ee728b)
Start importing Assets/Scenes/Roguelike/StoneBlock.prefab using Guid(668b8fc622d7e49e8bd9fa5621a7d6ec) Importer(815301076,1909f56bfc062723c751e8b465ee728b)  -> (artifact id: '4cfd618d1071d329c376f6311a74a36f') in 0.015412 seconds
  Import took 0.018232 seconds .

========================================================================
Received Import Request.
  Time since last request: 1.650595 seconds.
  path: Assets/Scenes/Roguelike/Roguelike.unity
  artifactKey: Guid(ad15a26015e49439387b05c22fe7a962) Importer(815301076,1909f56bfc062723c751e8b465ee728b)
Start importing Assets/Scenes/Roguelike/Roguelike.unity using Guid(ad15a26015e49439387b05c22fe7a962) Importer(815301076,1909f56bfc062723c751e8b465ee728b)  -> (artifact id: '09f34903c93cc82df03ebe20d4fd6f68') in 0.007597 seconds
  Import took 0.010087 seconds .

========================================================================
Received Import Request.
  Time since last request: 68.965352 seconds.
  path: Assets/Scripts/Movement
  artifactKey: Guid(28394a084133e4958b90a17aa9f6f551) Importer(815301076,1909f56bfc062723c751e8b465ee728b)
Start importing Assets/Scripts/Movement using Guid(28394a084133e4958b90a17aa9f6f551) Importer(815301076,1909f56bfc062723c751e8b465ee728b)  -> (artifact id: '15b890a63666b129f6345e9a47c17cd6') in 0.010094 seconds
  Import took 0.012628 seconds .

========================================================================
Received Import Request.
  Time since last request: 2.079276 seconds.
  path: Assets/Scripts/Movement/MoveWithArrows.cs
  artifactKey: Guid(d926fec57fb4c411a912d607e2822370) Importer(815301076,1909f56bfc062723c751e8b465ee728b)
Start importing Assets/Scripts/Movement/MoveWithArrows.cs using Guid(d926fec57fb4c411a912d607e2822370) Importer(815301076,1909f56bfc062723c751e8b465ee728b)  -> (artifact id: '108369c0ba005b07643b2969741c57a1') in 0.014388 seconds
  Import took 0.016970 seconds .

========================================================================
Received Import Request.
  Time since last request: 0.000642 seconds.
  path: Assets/Scripts/Movement/MoveWithArrows.cs
  artifactKey: Guid(d926fec57fb4c411a912d607e2822370) Importer(815301076,1909f56bfc062723c751e8b465ee728b)
Start importing Assets/Scripts/Movement/MoveWithArrows.cs using Guid(d926fec57fb4c411a912d607e2822370) Importer(815301076,1909f56bfc062723c751e8b465ee728b)  -> (artifact id: '108369c0ba005b07643b2969741c57a1') in 0.002145 seconds
  Import took 0.004612 seconds .

========================================================================
Received Prepare
Cannot set VR devices because the platform passed isn't supported by Unity.

Cannot set VR devices because the platform passed isn't supported by Unity.

Cannot set VR devices because the platform passed isn't supported by Unity.

Cannot set VR devices because the platform passed isn't supported by Unity.

Cannot set VR devices because the platform passed isn't supported by Unity.

Cannot set VR devices because the platform passed isn't supported by Unity.

Cannot set VR devices because the platform passed isn't supported by Unity.

Cannot set VR devices because the platform passed isn't supported by Unity.

Cannot set VR devices because the platform passed isn't supported by Unity.

Cannot set VR devices because the platform passed isn't supported by Unity.

Cannot set VR devices because the platform passed isn't supported by Unity.

Registering precompiled user dll's ...
Registered in 0.000921 seconds.
Begin MonoManager ReloadAssembly
Native extension for WindowsStandalone target not found
Refreshing native plugins compatible for Editor in 0.22 ms, found 0 plugins.
Preloading 0 native plugins for Editor in 0.00 ms.
Invoked RoslynAnalysisRunner static constructor.
RoslynAnalysisRunner will not be running.
RoslynAnalysisRunner has terminated.
Mono: successfully reloaded assembly
- Completed reload, in  1.159 seconds
Platform modules already initialized, skipping
Refreshing native plugins compatible for Editor in 0.23 ms, found 0 plugins.
Preloading 0 native plugins for Editor in 0.00 ms.
Unloading 1159 Unused Serialized files (Serialized files now loaded: 0)
System memory in use before: 61.5 MB.
System memory in use after: 61.6 MB.

Unloading 4 unused Assets to reduce memory usage. Loaded Objects now: 1627.
Total: 1.985000 ms (FindLiveObjects: 0.133900 ms CreateObjectMapping: 0.039200 ms MarkObjects: 1.796500 ms  DeleteObjects: 0.014400 ms)

========================================================================
Received Prepare
Cannot set VR devices because the platform passed isn't supported by Unity.

Cannot set VR devices because the platform passed isn't supported by Unity.

Cannot set VR devices because the platform passed isn't supported by Unity.

Cannot set VR devices because the platform passed isn't supported by Unity.

Cannot set VR devices because the platform passed isn't supported by Unity.

Cannot set VR devices because the platform passed isn't supported by Unity.

Cannot set VR devices because the platform passed isn't supported by Unity.

Cannot set VR devices because the platform passed isn't supported by Unity.

Cannot set VR devices because the platform passed isn't supported by Unity.

Cannot set VR devices because the platform passed isn't supported by Unity.

Cannot set VR devices because the platform passed isn't supported by Unity.

Registering precompiled user dll's ...
Registered in 0.000855 seconds.
Begin MonoManager ReloadAssembly
Native extension for WindowsStandalone target not found
Refreshing native plugins compatible for Editor in 0.27 ms, found 0 plugins.
Preloading 0 native plugins for Editor in 0.00 ms.
Invoked RoslynAnalysisRunner static constructor.
RoslynAnalysisRunner will not be running.
RoslynAnalysisRunner has terminated.
Mono: successfully reloaded assembly
- Completed reload, in  1.040 seconds
Platform modules already initialized, skipping
Refreshing native plugins compatible for Editor in 0.25 ms, found 0 plugins.
Preloading 0 native plugins for Editor in 0.00 ms.
Unloading 1159 Unused Serialized files (Serialized files now loaded: 0)
System memory in use before: 61.6 MB.
System memory in use after: 61.7 MB.

Unloading 4 unused Assets to reduce memory usage. Loaded Objects now: 1629.
Total: 2.084900 ms (FindLiveObjects: 0.161600 ms CreateObjectMapping: 0.044500 ms MarkObjects: 1.861600 ms  DeleteObjects: 0.016300 ms)

========================================================================
Received Prepare
Cannot set VR devices because the platform passed isn't supported by Unity.

Cannot set VR devices because the platform passed isn't supported by Unity.

Cannot set VR devices because the platform passed isn't supported by Unity.

Cannot set VR devices because the platform passed isn't supported by Unity.

Cannot set VR devices because the platform passed isn't supported by Unity.

Cannot set VR devices because the platform passed isn't supported by Unity.

Cannot set VR devices because the platform passed isn't supported by Unity.

Cannot set VR devices because the platform passed isn't supported by Unity.

Cannot set VR devices because the platform passed isn't supported by Unity.

Cannot set VR devices because the platform passed isn't supported by Unity.

Cannot set VR devices because the platform passed isn't supported by Unity.

Registering precompiled user dll's ...
Registered in 0.000965 seconds.
Begin MonoManager ReloadAssembly
Native extension for WindowsStandalone target not found
Refreshing native plugins compatible for Editor in 0.29 ms, found 0 plugins.
Preloading 0 native plugins for Editor in 0.00 ms.
Invoked RoslynAnalysisRunner static constructor.
RoslynAnalysisRunner will not be running.
RoslynAnalysisRunner has terminated.
Mono: successfully reloaded assembly
- Completed reload, in  1.331 seconds
Platform modules already initialized, skipping
Refreshing native plugins compatible for Editor in 0.48 ms, found 0 plugins.
Preloading 0 native plugins for Editor in 0.00 ms.
Unloading 1159 Unused Serialized files (Serialized files now loaded: 0)
System memory in use before: 61.7 MB.
System memory in use after: 61.8 MB.

Unloading 4 unused Assets to reduce memory usage. Loaded Objects now: 1631.
Total: 2.519500 ms (FindLiveObjects: 0.280900 ms CreateObjectMapping: 0.083400 ms MarkObjects: 2.129500 ms  DeleteObjects: 0.024200 ms)

AssetImportWorkerClient::OnTransportError - code=2 error=End of file
