Using pre-set license
Built from '2020.2/release' branch; Version is '2020.2.2f1 (068178b99f32) revision 426360'; Using compiler version '192528614'; Build Type 'Release'
OS: 'Windows 10 Home Single Language; OS build 19041.985; Version 2004; 64bit' Language: 'en' Physical Memory: 16226 MB
BatchMode: 1, IsHumanControllingUs: 0, StartBugReporterOnCrash: 0, Is64bit: 1, IsPro: 0

 COMMAND LINE ARGUMENTS:
D:\Program Files\Unity\2020.2.2f1\Editor\Unity.exe
-adb2
-batchMode
-noUpm
-name
AssetImportWorker0
-projectPath
D:/PREDATOR/Unity Projects/iso
-logFile
Logs/AssetImportWorker0.log
-srvPort
52682
Successfully changed project path to: D:/PREDATOR/Unity Projects/iso
D:/PREDATOR/Unity Projects/iso
Using Asset Import Pipeline V2.
Refreshing native plugins compatible for Editor in 289.19 ms, found 0 plugins.
Preloading 0 native plugins for Editor in 0.00 ms.
Initialize engine version: 2020.2.2f1 (068178b99f32)
[Subsystems] Discovering subsystems at path D:/Program Files/Unity/2020.2.2f1/Editor/Data/Resources/UnitySubsystems
[Subsystems] Discovering subsystems at path D:/PREDATOR/Unity Projects/iso/Assets
GfxDevice: creating device client; threaded=0
Direct3D:
    Version:  Direct3D 11.0 [level 11.1]
    Renderer: NVIDIA GeForce GTX 1050 Ti (ID=0x1c8c)
    Vendor:   
    VRAM:     4018 MB
    Driver:   27.21.14.6647
Initialize mono
Mono path[0] = 'D:/Program Files/Unity/2020.2.2f1/Editor/Data/Managed'
Mono path[1] = 'D:/Program Files/Unity/2020.2.2f1/Editor/Data/MonoBleedingEdge/lib/mono/unityjit'
Mono config path = 'D:/Program Files/Unity/2020.2.2f1/Editor/Data/MonoBleedingEdge/etc'
Using monoOptions --debugger-agent=transport=dt_socket,embedding=1,server=y,suspend=n,address=127.0.0.1:56560
Begin MonoManager ReloadAssembly
Registering precompiled unity dll's ...
Register platform support module: D:/Program Files/Unity/2020.2.2f1/Editor/Data/PlaybackEngines/WindowsStandaloneSupport/UnityEditor.WindowsStandalone.Extensions.dll
Registered in 0.002216 seconds.
Native extension for WindowsStandalone target not found
Refreshing native plugins compatible for Editor in 77.00 ms, found 0 plugins.
Preloading 0 native plugins for Editor in 0.00 ms.
Invoked RoslynAnalysisRunner static constructor.
RoslynAnalysisRunner will not be running.
RoslynAnalysisRunner has terminated.
Mono: successfully reloaded assembly
- Completed reload, in  2.487 seconds
Platform modules already initialized, skipping
Registering precompiled user dll's ...
Registered in 0.005739 seconds.
Begin MonoManager ReloadAssembly
Native extension for WindowsStandalone target not found
Refreshing native plugins compatible for Editor in 0.64 ms, found 0 plugins.
Preloading 0 native plugins for Editor in 0.00 ms.
Invoked RoslynAnalysisRunner static constructor.
RoslynAnalysisRunner will not be running.
RoslynAnalysisRunner has terminated.
Mono: successfully reloaded assembly
- Completed reload, in  1.678 seconds
Platform modules already initialized, skipping
========================================================================
Worker process is ready to serve import requests
Launched and connected shader compiler UnityShaderCompiler.exe after 0.46 seconds
Refreshing native plugins compatible for Editor in 1.91 ms, found 0 plugins.
Preloading 0 native plugins for Editor in 0.00 ms.
Unloading 1432 Unused Serialized files (Serialized files now loaded: 0)
System memory in use before: 67.5 MB.
System memory in use after: 67.6 MB.

Unloading 33 unused Assets to reduce memory usage. Loaded Objects now: 1864.
Total: 6.623500 ms (FindLiveObjects: 0.476800 ms CreateObjectMapping: 0.152000 ms MarkObjects: 5.784300 ms  DeleteObjects: 0.205800 ms)

========================================================================
Received Import Request.
  path: Assets/FenceStack.prefab
  artifactKey: Guid(b056c2c0d6d7a5145be179b832f6f100) Importer(815301076,1909f56bfc062723c751e8b465ee728b)
Start importing Assets/FenceStack.prefab using Guid(b056c2c0d6d7a5145be179b832f6f100) Importer(815301076,1909f56bfc062723c751e8b465ee728b)  -> (artifact id: '3026ed2e4ddd8c2a600aaa148e6b111f') in 0.912375 seconds
  Import took 0.916874 seconds .

========================================================================
Received Import Request.
  Time since last request: 0.000891 seconds.
  path: Assets/EnemyCar 2.prefab
  artifactKey: Guid(676da8691381aea4c965b930e8f4dc6b) Importer(815301076,1909f56bfc062723c751e8b465ee728b)
Start importing Assets/EnemyCar 2.prefab using Guid(676da8691381aea4c965b930e8f4dc6b) Importer(815301076,1909f56bfc062723c751e8b465ee728b)  -> (artifact id: '35d90c78915664a6b4a71e2650fd765d') in 0.228309 seconds
  Import took 0.232387 seconds .

========================================================================
Received Import Request.
  Time since last request: 0.000363 seconds.
  path: Assets/EnemyCar.prefab
  artifactKey: Guid(5d397bf6d3619fb418edfd7c92e986a0) Importer(815301076,1909f56bfc062723c751e8b465ee728b)
Start importing Assets/EnemyCar.prefab using Guid(5d397bf6d3619fb418edfd7c92e986a0) Importer(815301076,1909f56bfc062723c751e8b465ee728b)  -> (artifact id: 'a3bd7e50373bfac24caafafc29258518') in 0.022984 seconds
  Import took 0.026977 seconds .

========================================================================
Received Import Request.
  Time since last request: 0.000396 seconds.
  path: Assets/Sphere.prefab
  artifactKey: Guid(32d8bcb9e0e3ac34086ddeeede95e51f) Importer(815301076,1909f56bfc062723c751e8b465ee728b)
Start importing Assets/Sphere.prefab using Guid(32d8bcb9e0e3ac34086ddeeede95e51f) Importer(815301076,1909f56bfc062723c751e8b465ee728b)  -> (artifact id: 'd82e9112a9e67639818fa6b117db1314') in 0.485553 seconds
  Import took 0.489703 seconds .

========================================================================
Received Import Request.
  Time since last request: 0.000362 seconds.
  path: Assets/Player.prefab
  artifactKey: Guid(37992ab208279114e91a973e1853d44e) Importer(815301076,1909f56bfc062723c751e8b465ee728b)
Start importing Assets/Player.prefab using Guid(37992ab208279114e91a973e1853d44e) Importer(815301076,1909f56bfc062723c751e8b465ee728b)  -> (artifact id: '7f7aa845775a53d981cea3e6b5dee51b') in 0.473621 seconds
  Import took 0.478131 seconds .

========================================================================
Received Import Request.
  Time since last request: 0.000403 seconds.
  path: Assets/EnemyCar 1.prefab
  artifactKey: Guid(9936c63e085041a408882a0b324100dc) Importer(815301076,1909f56bfc062723c751e8b465ee728b)
Start importing Assets/EnemyCar 1.prefab using Guid(9936c63e085041a408882a0b324100dc) Importer(815301076,1909f56bfc062723c751e8b465ee728b)  -> (artifact id: '091a7ccd835a430ab220b4be8ce5823b') in 0.022762 seconds
  Import took 0.026873 seconds .

========================================================================
Received Import Request.
  Time since last request: 0.000409 seconds.
  path: Assets/Water.prefab
  artifactKey: Guid(2c80d9d342a1ac54699bf8c6846b1574) Importer(815301076,1909f56bfc062723c751e8b465ee728b)
Start importing Assets/Water.prefab using Guid(2c80d9d342a1ac54699bf8c6846b1574) Importer(815301076,1909f56bfc062723c751e8b465ee728b)  -> (artifact id: '1b87e3e8eb060dd3c7ba0d97abca005b') in 0.036383 seconds
  Import took 0.040522 seconds .

========================================================================
Received Import Request.
  Time since last request: 0.000398 seconds.
  path: Assets/Enemy.prefab
  artifactKey: Guid(ef0d9d43e5d8032488f21825b7185750) Importer(815301076,1909f56bfc062723c751e8b465ee728b)
Start importing Assets/Enemy.prefab using Guid(ef0d9d43e5d8032488f21825b7185750) Importer(815301076,1909f56bfc062723c751e8b465ee728b)  -> (artifact id: '9da37a40873057ed726ea40306eeebf1') in 0.024660 seconds
  Import took 0.029817 seconds .

========================================================================
Received Import Request.
  Time since last request: 0.000424 seconds.
  path: Assets/GroundStack 1.prefab
  artifactKey: Guid(1976b0a557ae2354880e4ca066e2900d) Importer(815301076,1909f56bfc062723c751e8b465ee728b)
Start importing Assets/GroundStack 1.prefab using Guid(1976b0a557ae2354880e4ca066e2900d) Importer(815301076,1909f56bfc062723c751e8b465ee728b)  -> (artifact id: 'c1c18fb64ca7a380cfa7129c7628349e') in 0.302819 seconds
  Import took 0.306968 seconds .

========================================================================
Received Import Request.
  Time since last request: 0.000423 seconds.
  path: Assets/MegaStack 1.prefab
  artifactKey: Guid(490978fe72e08604e9997d1cb149daae) Importer(815301076,1909f56bfc062723c751e8b465ee728b)
Start importing Assets/MegaStack 1.prefab using Guid(490978fe72e08604e9997d1cb149daae) Importer(815301076,1909f56bfc062723c751e8b465ee728b)  -> (artifact id: 'd61023b8086d5c6421a367a51e036cf7') in 0.036634 seconds
  Import took 0.041593 seconds .

========================================================================
Received Import Request.
  Time since last request: 0.000432 seconds.
  path: Assets/road.prefab
  artifactKey: Guid(d0064874b734a964d9c431770b9900ce) Importer(815301076,1909f56bfc062723c751e8b465ee728b)
Start importing Assets/road.prefab using Guid(d0064874b734a964d9c431770b9900ce) Importer(815301076,1909f56bfc062723c751e8b465ee728b)  -> (artifact id: 'b338f94002536e9f514961a4b004d39d') in 0.021464 seconds
  Import took 0.026045 seconds .

AssetImportWorkerClient::OnTransportError - code=2 error=End of file
