Using pre-set license
Built from '2020.2/release' branch; Version is '2020.2.2f1 (068178b99f32) revision 426360'; Using compiler version '192528614'; Build Type 'Release'
OS: 'Windows 10 Home Single Language; OS build 19045.2130; Version 2009; 64bit' Language: 'en' Physical Memory: 16226 MB
BatchMode: 1, IsHumanControllingUs: 0, StartBugReporterOnCrash: 0, Is64bit: 1, IsPro: 0

 COMMAND LINE ARGUMENTS:
D:\Program Files\Unity\2020.2.2f1\Editor\Unity.exe
-adb2
-batchMode
-noUpm
-name
AssetImportWorker0
-projectPath
F:/Unity-Side-Projects/iso
-logFile
Logs/AssetImportWorker0.log
-srvPort
2924
Successfully changed project path to: F:/Unity-Side-Projects/iso
F:/Unity-Side-Projects/iso
Using Asset Import Pipeline V2.
Refreshing native plugins compatible for Editor in 68.71 ms, found 0 plugins.
Preloading 0 native plugins for Editor in 0.00 ms.
Initialize engine version: 2020.2.2f1 (068178b99f32)
[Subsystems] Discovering subsystems at path D:/Program Files/Unity/2020.2.2f1/Editor/Data/Resources/UnitySubsystems
[Subsystems] Discovering subsystems at path F:/Unity-Side-Projects/iso/Assets
GfxDevice: creating device client; threaded=0
Direct3D:
    Version:  Direct3D 11.0 [level 11.1]
    Renderer: NVIDIA GeForce GTX 1050 Ti (ID=0x1c8c)
    Vendor:   
    VRAM:     4019 MB
    Driver:   31.0.15.1659
Initialize mono
Mono path[0] = 'D:/Program Files/Unity/2020.2.2f1/Editor/Data/Managed'
Mono path[1] = 'D:/Program Files/Unity/2020.2.2f1/Editor/Data/MonoBleedingEdge/lib/mono/unityjit'
Mono config path = 'D:/Program Files/Unity/2020.2.2f1/Editor/Data/MonoBleedingEdge/etc'
Using monoOptions --debugger-agent=transport=dt_socket,embedding=1,server=y,suspend=n,address=127.0.0.1:56096
Begin MonoManager ReloadAssembly
Registering precompiled unity dll's ...
Register platform support module: D:/Program Files/Unity/2020.2.2f1/Editor/Data/PlaybackEngines/WindowsStandaloneSupport/UnityEditor.WindowsStandalone.Extensions.dll
Registered in 0.001947 seconds.
Native extension for WindowsStandalone target not found
Refreshing native plugins compatible for Editor in 52.46 ms, found 0 plugins.
Preloading 0 native plugins for Editor in 0.00 ms.
Invoked RoslynAnalysisRunner static constructor.
RoslynAnalysisRunner will not be running.
RoslynAnalysisRunner has terminated.
Mono: successfully reloaded assembly
- Completed reload, in  1.909 seconds
Platform modules already initialized, skipping
Registering precompiled user dll's ...
Registered in 0.002515 seconds.
Begin MonoManager ReloadAssembly
Native extension for WindowsStandalone target not found
Refreshing native plugins compatible for Editor in 0.54 ms, found 0 plugins.
Preloading 0 native plugins for Editor in 0.00 ms.
Invoked RoslynAnalysisRunner static constructor.
RoslynAnalysisRunner will not be running.
RoslynAnalysisRunner has terminated.
Mono: successfully reloaded assembly
- Completed reload, in  1.069 seconds
Platform modules already initialized, skipping
========================================================================
Worker process is ready to serve import requests
Launched and connected shader compiler UnityShaderCompiler.exe after 0.07 seconds
Refreshing native plugins compatible for Editor in 1.16 ms, found 0 plugins.
Preloading 0 native plugins for Editor in 0.00 ms.
Unloading 1432 Unused Serialized files (Serialized files now loaded: 0)
System memory in use before: 68.0 MB.
System memory in use after: 68.1 MB.

Unloading 33 unused Assets to reduce memory usage. Loaded Objects now: 1865.
Total: 2.062500 ms (FindLiveObjects: 0.167600 ms CreateObjectMapping: 0.056900 ms MarkObjects: 1.758200 ms  DeleteObjects: 0.078700 ms)

========================================================================
Received Import Request.
  path: Assets/EnemyCar 2.prefab
  artifactKey: Guid(676da8691381aea4c965b930e8f4dc6b) Importer(815301076,1909f56bfc062723c751e8b465ee728b)
Start importing Assets/EnemyCar 2.prefab using Guid(676da8691381aea4c965b930e8f4dc6b) Importer(815301076,1909f56bfc062723c751e8b465ee728b)  -> (artifact id: '46904cb866e134afb4a7ef4d9ee5060a') in 0.476635 seconds
  Import took 0.483069 seconds .

========================================================================
Received Import Request.
  Time since last request: 0.000334 seconds.
  path: Assets/EnemyCar.prefab
  artifactKey: Guid(5d397bf6d3619fb418edfd7c92e986a0) Importer(815301076,1909f56bfc062723c751e8b465ee728b)
Start importing Assets/EnemyCar.prefab using Guid(5d397bf6d3619fb418edfd7c92e986a0) Importer(815301076,1909f56bfc062723c751e8b465ee728b)  -> (artifact id: '23cb70f68217454b9287f5e3b3842dbc') in 0.056045 seconds
  Import took 0.061555 seconds .

========================================================================
Received Import Request.
  Time since last request: 0.000302 seconds.
  path: Assets/Sphere.prefab
  artifactKey: Guid(32d8bcb9e0e3ac34086ddeeede95e51f) Importer(815301076,1909f56bfc062723c751e8b465ee728b)
Start importing Assets/Sphere.prefab using Guid(32d8bcb9e0e3ac34086ddeeede95e51f) Importer(815301076,1909f56bfc062723c751e8b465ee728b)  -> (artifact id: '9595457334d39dc035c8809efc733232') in 0.137640 seconds
  Import took 0.140639 seconds .

========================================================================
Received Import Request.
  Time since last request: 0.000345 seconds.
  path: Assets/Player.prefab
  artifactKey: Guid(37992ab208279114e91a973e1853d44e) Importer(815301076,1909f56bfc062723c751e8b465ee728b)
Start importing Assets/Player.prefab using Guid(37992ab208279114e91a973e1853d44e) Importer(815301076,1909f56bfc062723c751e8b465ee728b)  -> (artifact id: '862fa150d25f2274f3f7ec55283196b6') in 0.080265 seconds
  Import took 0.083430 seconds .

========================================================================
Received Import Request.
  Time since last request: 0.000376 seconds.
  path: Assets/EnemyCar 1.prefab
  artifactKey: Guid(9936c63e085041a408882a0b324100dc) Importer(815301076,1909f56bfc062723c751e8b465ee728b)
Start importing Assets/EnemyCar 1.prefab using Guid(9936c63e085041a408882a0b324100dc) Importer(815301076,1909f56bfc062723c751e8b465ee728b)  -> (artifact id: '3d6aad9a0e74094bfcb995ea8b27b3bd') in 0.057339 seconds
  Import took 0.062423 seconds .

========================================================================
Received Import Request.
  Time since last request: 0.000373 seconds.
  path: Assets/Water.prefab
  artifactKey: Guid(2c80d9d342a1ac54699bf8c6846b1574) Importer(815301076,1909f56bfc062723c751e8b465ee728b)
Start importing Assets/Water.prefab using Guid(2c80d9d342a1ac54699bf8c6846b1574) Importer(815301076,1909f56bfc062723c751e8b465ee728b)  -> (artifact id: '28322a2681b5e4c558ce77d91c985d80') in 0.024373 seconds
  Import took 0.030418 seconds .

========================================================================
Received Import Request.
  Time since last request: 0.000319 seconds.
  path: Assets/Enemy.prefab
  artifactKey: Guid(ef0d9d43e5d8032488f21825b7185750) Importer(815301076,1909f56bfc062723c751e8b465ee728b)
Start importing Assets/Enemy.prefab using Guid(ef0d9d43e5d8032488f21825b7185750) Importer(815301076,1909f56bfc062723c751e8b465ee728b)  -> (artifact id: 'c102d1746f6057f34cb7a61aa7e16190') in 0.019584 seconds
  Import took 0.023930 seconds .

========================================================================
Received Prepare
Registering precompiled user dll's ...
Registered in 0.004437 seconds.
Begin MonoManager ReloadAssembly
Native extension for WindowsStandalone target not found
Refreshing native plugins compatible for Editor in 0.78 ms, found 0 plugins.
Preloading 0 native plugins for Editor in 0.00 ms.
Invoked RoslynAnalysisRunner static constructor.
RoslynAnalysisRunner will not be running.
RoslynAnalysisRunner has terminated.
Mono: successfully reloaded assembly
- Completed reload, in  1.459 seconds
Platform modules already initialized, skipping
Refreshing native plugins compatible for Editor in 0.78 ms, found 0 plugins.
Preloading 0 native plugins for Editor in 0.00 ms.
Unloading 1422 Unused Serialized files (Serialized files now loaded: 0)
System memory in use before: 71.2 MB.
System memory in use after: 71.3 MB.

Unloading 24 unused Assets to reduce memory usage. Loaded Objects now: 1876.
Total: 3.235200 ms (FindLiveObjects: 0.390900 ms CreateObjectMapping: 0.133200 ms MarkObjects: 2.680000 ms  DeleteObjects: 0.029300 ms)

========================================================================
Received Prepare
Registering precompiled user dll's ...
Registered in 0.003140 seconds.
Begin MonoManager ReloadAssembly
Native extension for WindowsStandalone target not found
Refreshing native plugins compatible for Editor in 1.04 ms, found 0 plugins.
Preloading 0 native plugins for Editor in 0.00 ms.
Invoked RoslynAnalysisRunner static constructor.
RoslynAnalysisRunner will not be running.
RoslynAnalysisRunner has terminated.
Mono: successfully reloaded assembly
- Completed reload, in  1.377 seconds
Platform modules already initialized, skipping
Refreshing native plugins compatible for Editor in 0.64 ms, found 0 plugins.
Preloading 0 native plugins for Editor in 0.00 ms.
Unloading 1422 Unused Serialized files (Serialized files now loaded: 0)
System memory in use before: 71.5 MB.
System memory in use after: 71.6 MB.

Unloading 24 unused Assets to reduce memory usage. Loaded Objects now: 1878.
Total: 1.981900 ms (FindLiveObjects: 0.175800 ms CreateObjectMapping: 0.053800 ms MarkObjects: 1.731100 ms  DeleteObjects: 0.020200 ms)

========================================================================
Received Prepare
Registering precompiled user dll's ...
Registered in 0.003826 seconds.
Begin MonoManager ReloadAssembly
Native extension for WindowsStandalone target not found
Refreshing native plugins compatible for Editor in 0.64 ms, found 0 plugins.
Preloading 0 native plugins for Editor in 0.00 ms.
Invoked RoslynAnalysisRunner static constructor.
RoslynAnalysisRunner will not be running.
RoslynAnalysisRunner has terminated.
Mono: successfully reloaded assembly
- Completed reload, in  1.552 seconds
Platform modules already initialized, skipping
Refreshing native plugins compatible for Editor in 0.67 ms, found 0 plugins.
Preloading 0 native plugins for Editor in 0.00 ms.
Unloading 1422 Unused Serialized files (Serialized files now loaded: 0)
System memory in use before: 72.1 MB.
System memory in use after: 72.2 MB.

Unloading 24 unused Assets to reduce memory usage. Loaded Objects now: 1880.
Total: 2.588100 ms (FindLiveObjects: 0.225900 ms CreateObjectMapping: 0.081500 ms MarkObjects: 2.250900 ms  DeleteObjects: 0.028300 ms)

AssetImportWorkerClient::OnTransportError - code=2 error=End of file
