Using pre-set license
Built from '2020.2/release' branch; Version is '2020.2.2f1 (068178b99f32) revision 426360'; Using compiler version '192528614'; Build Type 'Release'
OS: 'Windows 10 Home Single Language; OS build 19045.2130; Version 2009; 64bit' Language: 'en' Physical Memory: 16226 MB
BatchMode: 1, IsHumanControllingUs: 0, StartBugReporterOnCrash: 0, Is64bit: 1, IsPro: 0

 COMMAND LINE ARGUMENTS:
D:\Program Files\Unity\2020.2.2f1\Editor\Unity.exe
-adb2
-batchMode
-noUpm
-name
AssetImportWorker0
-projectPath
F:/Unity-Side-Projects/color switch
-logFile
Logs/AssetImportWorker0.log
-srvPort
2291
Successfully changed project path to: F:/Unity-Side-Projects/color switch
F:/Unity-Side-Projects/color switch
Using Asset Import Pipeline V2.
Refreshing native plugins compatible for Editor in 48.61 ms, found 0 plugins.
Preloading 0 native plugins for Editor in 0.00 ms.
Initialize engine version: 2020.2.2f1 (068178b99f32)
[Subsystems] Discovering subsystems at path D:/Program Files/Unity/2020.2.2f1/Editor/Data/Resources/UnitySubsystems
[Subsystems] Discovering subsystems at path F:/Unity-Side-Projects/color switch/Assets
GfxDevice: creating device client; threaded=0
Direct3D:
    Version:  Direct3D 11.0 [level 11.1]
    Renderer: NVIDIA GeForce GTX 1050 Ti (ID=0x1c8c)
    Vendor:   
    VRAM:     4019 MB
    Driver:   31.0.15.1659
Initialize mono
Mono path[0] = 'D:/Program Files/Unity/2020.2.2f1/Editor/Data/Managed'
Mono path[1] = 'D:/Program Files/Unity/2020.2.2f1/Editor/Data/MonoBleedingEdge/lib/mono/unityjit'
Mono config path = 'D:/Program Files/Unity/2020.2.2f1/Editor/Data/MonoBleedingEdge/etc'
Using monoOptions --debugger-agent=transport=dt_socket,embedding=1,server=y,suspend=n,address=127.0.0.1:56564
Begin MonoManager ReloadAssembly
Registering precompiled unity dll's ...
Register platform support module: D:/Program Files/Unity/2020.2.2f1/Editor/Data/PlaybackEngines/WindowsStandaloneSupport/UnityEditor.WindowsStandalone.Extensions.dll
Registered in 0.001829 seconds.
Native extension for WindowsStandalone target not found
Refreshing native plugins compatible for Editor in 46.38 ms, found 0 plugins.
Preloading 0 native plugins for Editor in 0.00 ms.
Invoked RoslynAnalysisRunner static constructor.
RoslynAnalysisRunner will not be running.
RoslynAnalysisRunner has terminated.
Mono: successfully reloaded assembly
- Completed reload, in  1.842 seconds
Platform modules already initialized, skipping
Registering precompiled user dll's ...
Registered in 0.002103 seconds.
Begin MonoManager ReloadAssembly
Native extension for WindowsStandalone target not found
Refreshing native plugins compatible for Editor in 0.53 ms, found 0 plugins.
Preloading 0 native plugins for Editor in 0.00 ms.
Invoked RoslynAnalysisRunner static constructor.
RoslynAnalysisRunner will not be running.
RoslynAnalysisRunner has terminated.
Mono: successfully reloaded assembly
- Completed reload, in  1.276 seconds
Platform modules already initialized, skipping
========================================================================
Worker process is ready to serve import requests
Launched and connected shader compiler UnityShaderCompiler.exe after 0.06 seconds
Refreshing native plugins compatible for Editor in 0.44 ms, found 0 plugins.
Preloading 0 native plugins for Editor in 0.00 ms.
Unloading 1375 Unused Serialized files (Serialized files now loaded: 0)
System memory in use before: 63.7 MB.
System memory in use after: 63.8 MB.

Unloading 33 unused Assets to reduce memory usage. Loaded Objects now: 1802.
Total: 2.201800 ms (FindLiveObjects: 0.180600 ms CreateObjectMapping: 0.062100 ms MarkObjects: 1.868500 ms  DeleteObjects: 0.088900 ms)

========================================================================
Received Import Request.
  path: Assets/scenes
  artifactKey: Guid(fc11cc892712c2c41859e29bcc07bd0b) Importer(815301076,1909f56bfc062723c751e8b465ee728b)
Start importing Assets/scenes using Guid(fc11cc892712c2c41859e29bcc07bd0b) Importer(815301076,1909f56bfc062723c751e8b465ee728b)  -> (artifact id: '4b425ca12c8fe35639b45db3d828e638') in 0.009487 seconds
  Import took 0.012171 seconds .

========================================================================
Received Import Request.
  Time since last request: 0.000349 seconds.
  path: Assets/scenes/main.unity
  artifactKey: Guid(b45292c111331854f95b86f56724b826) Importer(815301076,1909f56bfc062723c751e8b465ee728b)
Start importing Assets/scenes/main.unity using Guid(b45292c111331854f95b86f56724b826) Importer(815301076,1909f56bfc062723c751e8b465ee728b)  -> (artifact id: '4e10bc31a968330ed1f88482103ab71c') in 0.017378 seconds
  Import took 0.020632 seconds .

========================================================================
Received Prepare
Refreshing native plugins compatible for Editor in 6.38 ms, found 0 plugins.
Preloading 0 native plugins for Editor in 0.00 ms.
Unloading 22 Unused Serialized files (Serialized files now loaded: 0)
System memory in use before: 36.8 MB.
System memory in use after: 36.9 MB.

Unloading 22 unused Assets to reduce memory usage. Loaded Objects now: 1802.
Total: 2.671700 ms (FindLiveObjects: 0.162100 ms CreateObjectMapping: 0.055900 ms MarkObjects: 2.433500 ms  DeleteObjects: 0.018700 ms)

========================================================================
Received Import Request.
  Time since last request: 12.111018 seconds.
  path: Assets/script/Small Circle 1.psd
  artifactKey: Guid(578ed1e25860d024a85b2664265aacc8) Importer(815301076,1909f56bfc062723c751e8b465ee728b)
Start importing Assets/script/Small Circle 1.psd using Guid(578ed1e25860d024a85b2664265aacc8) Importer(815301076,1909f56bfc062723c751e8b465ee728b)  -> (artifact id: 'b17f15868e2cc9af18cdb17162f9bdef') in 0.151733 seconds
  Import took 0.154565 seconds .

========================================================================
Received Import Request.
  Time since last request: 0.000315 seconds.
  path: Assets/script/Small Circle 5.psd
  artifactKey: Guid(03003479f262f114c9ed1607a3e0b7e7) Importer(815301076,1909f56bfc062723c751e8b465ee728b)
Start importing Assets/script/Small Circle 5.psd using Guid(03003479f262f114c9ed1607a3e0b7e7) Importer(815301076,1909f56bfc062723c751e8b465ee728b)  -> (artifact id: '8ad1b9be65bff8320c1072c24fbe27b7') in 0.032199 seconds
  Import took 0.034994 seconds .

========================================================================
Received Import Request.
  Time since last request: 0.000310 seconds.
  path: Assets/script/Small Circle 4.psd
  artifactKey: Guid(588afc02a71d5804ea2d772381d20ae5) Importer(815301076,1909f56bfc062723c751e8b465ee728b)
Start importing Assets/script/Small Circle 4.psd using Guid(588afc02a71d5804ea2d772381d20ae5) Importer(815301076,1909f56bfc062723c751e8b465ee728b)  -> (artifact id: '7994624a6d4e9eecced36853efa313a2') in 0.015084 seconds
  Import took 0.018092 seconds .

========================================================================
Received Import Request.
  Time since last request: 0.000326 seconds.
  path: Assets/script/SmallCircle.prefab
  artifactKey: Guid(221b65f9a543e834c873c55774ad4a9d) Importer(815301076,1909f56bfc062723c751e8b465ee728b)
Start importing Assets/script/SmallCircle.prefab using Guid(221b65f9a543e834c873c55774ad4a9d) Importer(815301076,1909f56bfc062723c751e8b465ee728b)  -> (artifact id: 'ceb0428c4719f9353515293ab25f31c5') in 0.052011 seconds
  Import took 0.055191 seconds .

========================================================================
Received Import Request.
  Time since last request: 0.000274 seconds.
  path: Assets/script/Small Circle.psd
  artifactKey: Guid(ae9ccfac8b7a84f43a5fe3abd3baf560) Importer(815301076,1909f56bfc062723c751e8b465ee728b)
Start importing Assets/script/Small Circle.psd using Guid(ae9ccfac8b7a84f43a5fe3abd3baf560) Importer(815301076,1909f56bfc062723c751e8b465ee728b)  -> (artifact id: '5f635a9a391c3f29483bf1352f5451a9') in 0.014632 seconds
  Import took 0.018594 seconds .

========================================================================
Received Import Request.
  Time since last request: 0.000400 seconds.
  path: Assets/script/Small Circle 3.psd
  artifactKey: Guid(622c28e9357a8ee44a42cb06334dfeee) Importer(815301076,1909f56bfc062723c751e8b465ee728b)
Start importing Assets/script/Small Circle 3.psd using Guid(622c28e9357a8ee44a42cb06334dfeee) Importer(815301076,1909f56bfc062723c751e8b465ee728b)  -> (artifact id: 'e422ccb191c4e74267ccc6b076e9089c') in 0.016631 seconds
  Import took 0.019957 seconds .

========================================================================
Received Import Request.
  Time since last request: 0.000261 seconds.
  path: Assets/script/Small Circle 2.psd
  artifactKey: Guid(a991743904689a0439189f97ea38442f) Importer(815301076,1909f56bfc062723c751e8b465ee728b)
Start importing Assets/script/Small Circle 2.psd using Guid(a991743904689a0439189f97ea38442f) Importer(815301076,1909f56bfc062723c751e8b465ee728b)  -> (artifact id: '933ac252db9011086e0dcdc5f5b83dee') in 0.015745 seconds
  Import took 0.020038 seconds .

========================================================================
Received Import Request.
  Time since last request: 2.208955 seconds.
  path: Assets/script/Player.cs
  artifactKey: Guid(f95389cfb10c9684787aa69b93fb7214) Importer(815301076,1909f56bfc062723c751e8b465ee728b)
Start importing Assets/script/Player.cs using Guid(f95389cfb10c9684787aa69b93fb7214) Importer(815301076,1909f56bfc062723c751e8b465ee728b)  -> (artifact id: '3621558cfb36908d081429872ba5de56') in 0.012190 seconds
  Import took 0.015045 seconds .

========================================================================
Received Prepare
Registering precompiled user dll's ...
Registered in 0.003401 seconds.
Begin MonoManager ReloadAssembly
Native extension for WindowsStandalone target not found
Refreshing native plugins compatible for Editor in 0.85 ms, found 0 plugins.
Preloading 0 native plugins for Editor in 0.00 ms.
Invoked RoslynAnalysisRunner static constructor.
RoslynAnalysisRunner will not be running.
RoslynAnalysisRunner has terminated.
Mono: successfully reloaded assembly
- Completed reload, in  1.355 seconds
Platform modules already initialized, skipping
Refreshing native plugins compatible for Editor in 0.51 ms, found 0 plugins.
Preloading 0 native plugins for Editor in 0.00 ms.
Unloading 1369 Unused Serialized files (Serialized files now loaded: 0)
System memory in use before: 66.9 MB.
System memory in use after: 67.0 MB.

Unloading 24 unused Assets to reduce memory usage. Loaded Objects now: 1814.
Total: 2.531300 ms (FindLiveObjects: 0.189000 ms CreateObjectMapping: 0.062700 ms MarkObjects: 2.242700 ms  DeleteObjects: 0.035500 ms)

========================================================================
Received Prepare
Registering precompiled user dll's ...
Registered in 0.003115 seconds.
Begin MonoManager ReloadAssembly
Native extension for WindowsStandalone target not found
Refreshing native plugins compatible for Editor in 0.95 ms, found 0 plugins.
Preloading 0 native plugins for Editor in 0.00 ms.
Invoked RoslynAnalysisRunner static constructor.
RoslynAnalysisRunner will not be running.
RoslynAnalysisRunner has terminated.
Mono: successfully reloaded assembly
- Completed reload, in  1.908 seconds
Platform modules already initialized, skipping
Refreshing native plugins compatible for Editor in 0.59 ms, found 0 plugins.
Preloading 0 native plugins for Editor in 0.00 ms.
Unloading 1369 Unused Serialized files (Serialized files now loaded: 0)
System memory in use before: 67.0 MB.
System memory in use after: 67.1 MB.

Unloading 24 unused Assets to reduce memory usage. Loaded Objects now: 1816.
Total: 2.811200 ms (FindLiveObjects: 0.337700 ms CreateObjectMapping: 0.109000 ms MarkObjects: 2.330800 ms  DeleteObjects: 0.031600 ms)

AssetImportWorkerClient::OnTransportError - code=2 error=End of file
