Using pre-set license
Built from '2020.2/release' branch; Version is '2020.2.2f1 (068178b99f32) revision 426360'; Using compiler version '192528614'; Build Type 'Release'
OS: 'Windows 10 Home Single Language; OS build 19045.2130; Version 2009; 64bit' Language: 'en' Physical Memory: 16226 MB
BatchMode: 1, IsHumanControllingUs: 0, StartBugReporterOnCrash: 0, Is64bit: 1, IsPro: 0

 COMMAND LINE ARGUMENTS:
D:\Program Files\Unity\2020.2.2f1\Editor\Unity.exe
-adb2
-batchMode
-noUpm
-name
AssetImportWorker0
-projectPath
F:/Unity-Side-Projects/card
-logFile
Logs/AssetImportWorker0.log
-srvPort
1824
Successfully changed project path to: F:/Unity-Side-Projects/card
F:/Unity-Side-Projects/card
Using Asset Import Pipeline V2.
Refreshing native plugins compatible for Editor in 39.18 ms, found 0 plugins.
Preloading 0 native plugins for Editor in 0.00 ms.
Initialize engine version: 2020.2.2f1 (068178b99f32)
[Subsystems] Discovering subsystems at path D:/Program Files/Unity/2020.2.2f1/Editor/Data/Resources/UnitySubsystems
[Subsystems] Discovering subsystems at path F:/Unity-Side-Projects/card/Assets
GfxDevice: creating device client; threaded=0
Direct3D:
    Version:  Direct3D 11.0 [level 11.1]
    Renderer: NVIDIA GeForce GTX 1050 Ti (ID=0x1c8c)
    Vendor:   
    VRAM:     4019 MB
    Driver:   31.0.15.1659
Initialize mono
Mono path[0] = 'D:/Program Files/Unity/2020.2.2f1/Editor/Data/Managed'
Mono path[1] = 'D:/Program Files/Unity/2020.2.2f1/Editor/Data/MonoBleedingEdge/lib/mono/unityjit'
Mono config path = 'D:/Program Files/Unity/2020.2.2f1/Editor/Data/MonoBleedingEdge/etc'
Using monoOptions --debugger-agent=transport=dt_socket,embedding=1,server=y,suspend=n,address=127.0.0.1:56744
Begin MonoManager ReloadAssembly
Registering precompiled unity dll's ...
Register platform support module: D:/Program Files/Unity/2020.2.2f1/Editor/Data/PlaybackEngines/WindowsStandaloneSupport/UnityEditor.WindowsStandalone.Extensions.dll
Registered in 0.001697 seconds.
Native extension for WindowsStandalone target not found
Refreshing native plugins compatible for Editor in 50.75 ms, found 0 plugins.
Preloading 0 native plugins for Editor in 0.00 ms.
Invoked RoslynAnalysisRunner static constructor.
RoslynAnalysisRunner will not be running.
RoslynAnalysisRunner has terminated.
Mono: successfully reloaded assembly
- Completed reload, in  1.891 seconds
Platform modules already initialized, skipping
Registering precompiled user dll's ...
Registered in 0.000885 seconds.
Begin MonoManager ReloadAssembly
Native extension for WindowsStandalone target not found
Refreshing native plugins compatible for Editor in 0.26 ms, found 0 plugins.
Preloading 0 native plugins for Editor in 0.00 ms.
Invoked RoslynAnalysisRunner static constructor.
RoslynAnalysisRunner will not be running.
RoslynAnalysisRunner has terminated.
Mono: successfully reloaded assembly
- Completed reload, in  1.015 seconds
Platform modules already initialized, skipping
========================================================================
Worker process is ready to serve import requests
Launched and connected shader compiler UnityShaderCompiler.exe after 0.06 seconds
Refreshing native plugins compatible for Editor in 0.40 ms, found 0 plugins.
Preloading 0 native plugins for Editor in 0.00 ms.
Unloading 1081 Unused Serialized files (Serialized files now loaded: 0)
System memory in use before: 59.6 MB.
System memory in use after: 59.7 MB.

Unloading 9 unused Assets to reduce memory usage. Loaded Objects now: 1524.
Total: 3.055800 ms (FindLiveObjects: 0.295500 ms CreateObjectMapping: 0.100500 ms MarkObjects: 2.510500 ms  DeleteObjects: 0.146500 ms)

========================================================================
Received Import Request.
  path: Assets/Playing Cards
  artifactKey: Guid(0251f7b8609a3934c849d8bfb783366e) Importer(815301076,1909f56bfc062723c751e8b465ee728b)
Start importing Assets/Playing Cards using Guid(0251f7b8609a3934c849d8bfb783366e) Importer(815301076,1909f56bfc062723c751e8b465ee728b)  -> (artifact id: 'b5d2232690002066b6a5d085171227cb') in 0.011253 seconds
  Import took 0.035775 seconds .

========================================================================
Received Import Request.
  Time since last request: 1.912604 seconds.
  path: Assets/ModReversibleDraw.shader
  artifactKey: Guid(b4854b51a4958924eaf40ca9564dca22) Importer(815301076,1909f56bfc062723c751e8b465ee728b)
Start importing Assets/ModReversibleDraw.shader using Guid(b4854b51a4958924eaf40ca9564dca22) Importer(815301076,1909f56bfc062723c751e8b465ee728b)  -> (artifact id: 'a02f5266fe5de70016cfa69f06f463c3') in 0.060719 seconds
  Import took 0.075098 seconds .

========================================================================
Received Import Request.
  Time since last request: 0.119380 seconds.
  path: Assets/ModReversibleDraw.shader
  artifactKey: Guid(b4854b51a4958924eaf40ca9564dca22) Importer(815301076,1909f56bfc062723c751e8b465ee728b)
Start importing Assets/ModReversibleDraw.shader using Guid(b4854b51a4958924eaf40ca9564dca22) Importer(815301076,1909f56bfc062723c751e8b465ee728b)  -> (artifact id: 'a02f5266fe5de70016cfa69f06f463c3') in 0.002073 seconds
  Import took 0.004005 seconds .

========================================================================
Received Import Request.
  Time since last request: 23.824302 seconds.
  path: Assets/Card_Shirts_Lite
  artifactKey: Guid(eea7fd1059d8cbb499f88a91b35fbf2b) Importer(815301076,1909f56bfc062723c751e8b465ee728b)
Start importing Assets/Card_Shirts_Lite using Guid(eea7fd1059d8cbb499f88a91b35fbf2b) Importer(815301076,1909f56bfc062723c751e8b465ee728b)  -> (artifact id: '4985d00025660a49925705c5a48544d8') in 0.010046 seconds
  Import took 0.013132 seconds .

========================================================================
Received Prepare
Refreshing native plugins compatible for Editor in 0.93 ms, found 0 plugins.
Preloading 0 native plugins for Editor in 0.00 ms.
Unloading 3 Unused Serialized files (Serialized files now loaded: 0)
System memory in use before: 38.4 MB.
System memory in use after: 38.5 MB.

Unloading 2 unused Assets to reduce memory usage. Loaded Objects now: 1524.
Total: 2.456200 ms (FindLiveObjects: 0.152000 ms CreateObjectMapping: 0.045100 ms MarkObjects: 2.243100 ms  DeleteObjects: 0.014900 ms)

AssetImportWorkerClient::OnTransportError - code=2 error=End of file
