Using pre-set license
Built from '2020.2/release' branch; Version is '2020.2.2f1 (068178b99f32) revision 426360'; Using compiler version '192528614'; Build Type 'Release'
OS: 'Windows 10 Home Single Language; OS build 19041.804; Version 2004; 64bit' Language: 'en' Physical Memory: 16226 MB
BatchMode: 1, IsHumanControllingUs: 0, StartBugReporterOnCrash: 0, Is64bit: 1, IsPro: 0

 COMMAND LINE ARGUMENTS:
D:\Program Files\Unity\2020.2.2f1\Editor\Unity.exe
-adb2
-batchMode
-noUpm
-name
AssetImportWorker0
-projectPath
D:/PREDATOR/Unity Projects/card
-logFile
Logs/AssetImportWorker0.log
-srvPort
55634
Successfully changed project path to: D:/PREDATOR/Unity Projects/card
D:/PREDATOR/Unity Projects/card
Using Asset Import Pipeline V2.
Refreshing native plugins compatible for Editor in 156.83 ms, found 0 plugins.
Preloading 0 native plugins for Editor in 0.00 ms.
Initialize engine version: 2020.2.2f1 (068178b99f32)
[Subsystems] Discovering subsystems at path D:/Program Files/Unity/2020.2.2f1/Editor/Data/Resources/UnitySubsystems
[Subsystems] Discovering subsystems at path D:/PREDATOR/Unity Projects/card/Assets
GfxDevice: creating device client; threaded=0
Direct3D:
    Version:  Direct3D 11.0 [level 11.1]
    Renderer: NVIDIA GeForce GTX 1050 Ti (ID=0x1c8c)
    Vendor:   
    VRAM:     4018 MB
    Driver:   27.21.14.6172
Initialize mono
Mono path[0] = 'D:/Program Files/Unity/2020.2.2f1/Editor/Data/Managed'
Mono path[1] = 'D:/Program Files/Unity/2020.2.2f1/Editor/Data/MonoBleedingEdge/lib/mono/unityjit'
Mono config path = 'D:/Program Files/Unity/2020.2.2f1/Editor/Data/MonoBleedingEdge/etc'
Using monoOptions --debugger-agent=transport=dt_socket,embedding=1,server=y,suspend=n,address=127.0.0.1:56040
Begin MonoManager ReloadAssembly
Registering precompiled unity dll's ...
Register platform support module: D:/Program Files/Unity/2020.2.2f1/Editor/Data/PlaybackEngines/WindowsStandaloneSupport/UnityEditor.WindowsStandalone.Extensions.dll
Registered in 0.001970 seconds.
Native extension for WindowsStandalone target not found
Refreshing native plugins compatible for Editor in 37.27 ms, found 0 plugins.
Preloading 0 native plugins for Editor in 0.00 ms.
Invoked RoslynAnalysisRunner static constructor.
RoslynAnalysisRunner will not be running.
RoslynAnalysisRunner has terminated.
Mono: successfully reloaded assembly
- Completed reload, in  1.523 seconds
Platform modules already initialized, skipping
Registering precompiled user dll's ...
Registered in 0.000975 seconds.
Begin MonoManager ReloadAssembly
Native extension for WindowsStandalone target not found
Refreshing native plugins compatible for Editor in 0.29 ms, found 0 plugins.
Preloading 0 native plugins for Editor in 0.00 ms.
Invoked RoslynAnalysisRunner static constructor.
RoslynAnalysisRunner will not be running.
RoslynAnalysisRunner has terminated.
Mono: successfully reloaded assembly
- Completed reload, in  1.287 seconds
Platform modules already initialized, skipping
========================================================================
Worker process is ready to serve import requests
Launched and connected shader compiler UnityShaderCompiler.exe after 0.07 seconds
Refreshing native plugins compatible for Editor in 0.48 ms, found 0 plugins.
Preloading 0 native plugins for Editor in 0.00 ms.
Unloading 1081 Unused Serialized files (Serialized files now loaded: 0)
System memory in use before: 59.7 MB.
System memory in use after: 59.7 MB.

Unloading 9 unused Assets to reduce memory usage. Loaded Objects now: 1524.
Total: 3.191000 ms (FindLiveObjects: 0.203300 ms CreateObjectMapping: 0.052300 ms MarkObjects: 2.802600 ms  DeleteObjects: 0.130800 ms)

========================================================================
Received Import Request.
  path: Assets/New Material.mat
  artifactKey: Guid(83cd8e36ece761445ac599d506ff7cfc) Importer(815301076,1909f56bfc062723c751e8b465ee728b)
Start importing Assets/New Material.mat using Guid(83cd8e36ece761445ac599d506ff7cfc) Importer(815301076,1909f56bfc062723c751e8b465ee728b)  -> (artifact id: '4117ae036706330fd48fc683af84d952') in 0.404866 seconds
  Import took 0.454904 seconds .

========================================================================
Received Import Request.
  Time since last request: 1.781762 seconds.
  path: Assets/Scenes
  artifactKey: Guid(66f196713370e2745b984185c13b801a) Importer(815301076,1909f56bfc062723c751e8b465ee728b)
Start importing Assets/Scenes using Guid(66f196713370e2745b984185c13b801a) Importer(815301076,1909f56bfc062723c751e8b465ee728b)  -> (artifact id: 'eef1654b099885954a7300cb708a8e2a') in 0.006142 seconds
  Import took 0.062747 seconds .

========================================================================
Received Import Request.
  Time since last request: 0.000977 seconds.
  path: Assets/Scenes
  artifactKey: Guid(66f196713370e2745b984185c13b801a) Importer(815301076,1909f56bfc062723c751e8b465ee728b)
Start importing Assets/Scenes using Guid(66f196713370e2745b984185c13b801a) Importer(815301076,1909f56bfc062723c751e8b465ee728b)  -> (artifact id: 'eef1654b099885954a7300cb708a8e2a') in 0.001890 seconds
  Import took 0.003682 seconds .

========================================================================
Received Import Request.
  Time since last request: 1.850008 seconds.
  path: Assets/Scenes/waterscene.unity
  artifactKey: Guid(3cef879bf63ced24598a2d29f11b5729) Importer(815301076,1909f56bfc062723c751e8b465ee728b)
Start importing Assets/Scenes/waterscene.unity using Guid(3cef879bf63ced24598a2d29f11b5729) Importer(815301076,1909f56bfc062723c751e8b465ee728b)  -> (artifact id: '852e6daba496526d48fbeefeb8c5404a') in 0.006510 seconds
  Import took 0.023327 seconds .

AssetImportWorkerClient::OnTransportError - code=2 error=End of file
