Using pre-set license
Built from '2020.2/release' branch; Version is '2020.2.2f1 (068178b99f32) revision 426360'; Using compiler version '192528614'; Build Type 'Release'
OS: 'Windows 10 Home Single Language; OS build 19045.2130; Version 2009; 64bit' Language: 'en' Physical Memory: 16226 MB
BatchMode: 1, IsHumanControllingUs: 0, StartBugReporterOnCrash: 0, Is64bit: 1, IsPro: 0

 COMMAND LINE ARGUMENTS:
D:\Program Files\Unity\2020.2.2f1\Editor\Unity.exe
-adb2
-batchMode
-noUpm
-name
AssetImportWorker0
-projectPath
F:/Unity-Side-Projects/clock
-logFile
Logs/AssetImportWorker0.log
-srvPort
2065
Successfully changed project path to: F:/Unity-Side-Projects/clock
F:/Unity-Side-Projects/clock
Using Asset Import Pipeline V2.
Refreshing native plugins compatible for Editor in 58.68 ms, found 0 plugins.
Preloading 0 native plugins for Editor in 0.00 ms.
Initialize engine version: 2020.2.2f1 (068178b99f32)
[Subsystems] Discovering subsystems at path D:/Program Files/Unity/2020.2.2f1/Editor/Data/Resources/UnitySubsystems
[Subsystems] Discovering subsystems at path F:/Unity-Side-Projects/clock/Assets
GfxDevice: creating device client; threaded=0
Direct3D:
    Version:  Direct3D 11.0 [level 11.1]
    Renderer: NVIDIA GeForce GTX 1050 Ti (ID=0x1c8c)
    Vendor:   
    VRAM:     4019 MB
    Driver:   31.0.15.1659
Initialize mono
Mono path[0] = 'D:/Program Files/Unity/2020.2.2f1/Editor/Data/Managed'
Mono path[1] = 'D:/Program Files/Unity/2020.2.2f1/Editor/Data/MonoBleedingEdge/lib/mono/unityjit'
Mono config path = 'D:/Program Files/Unity/2020.2.2f1/Editor/Data/MonoBleedingEdge/etc'
Using monoOptions --debugger-agent=transport=dt_socket,embedding=1,server=y,suspend=n,address=127.0.0.1:56400
Begin MonoManager ReloadAssembly
Registering precompiled unity dll's ...
Register platform support module: D:/Program Files/Unity/2020.2.2f1/Editor/Data/PlaybackEngines/WindowsStandaloneSupport/UnityEditor.WindowsStandalone.Extensions.dll
Registered in 0.002254 seconds.
Native extension for WindowsStandalone target not found
Refreshing native plugins compatible for Editor in 73.00 ms, found 0 plugins.
Preloading 0 native plugins for Editor in 0.00 ms.
Invoked RoslynAnalysisRunner static constructor.
RoslynAnalysisRunner will not be running.
RoslynAnalysisRunner has terminated.
Mono: successfully reloaded assembly
- Completed reload, in  2.907 seconds
Platform modules already initialized, skipping
Registering precompiled user dll's ...
Registered in 0.002779 seconds.
Begin MonoManager ReloadAssembly
Native extension for WindowsStandalone target not found
Refreshing native plugins compatible for Editor in 0.44 ms, found 0 plugins.
Preloading 0 native plugins for Editor in 0.00 ms.
Invoked RoslynAnalysisRunner static constructor.
RoslynAnalysisRunner will not be running.
RoslynAnalysisRunner has terminated.
Mono: successfully reloaded assembly
- Completed reload, in  1.579 seconds
Platform modules already initialized, skipping
========================================================================
Worker process is ready to serve import requests
Launched and connected shader compiler UnityShaderCompiler.exe after 0.08 seconds
Refreshing native plugins compatible for Editor in 0.46 ms, found 0 plugins.
Preloading 0 native plugins for Editor in 0.00 ms.
Unloading 1375 Unused Serialized files (Serialized files now loaded: 0)
System memory in use before: 63.8 MB.
System memory in use after: 63.8 MB.

Unloading 34 unused Assets to reduce memory usage. Loaded Objects now: 1802.
Total: 2.615300 ms (FindLiveObjects: 0.208500 ms CreateObjectMapping: 0.088900 ms MarkObjects: 2.204600 ms  DeleteObjects: 0.111300 ms)

========================================================================
Received Import Request.
  path: Assets/Clock Dark.mat
  artifactKey: Guid(f0decc7cb5e3c6247ae5bab843965f36) Importer(815301076,1909f56bfc062723c751e8b465ee728b)
Start importing Assets/Clock Dark.mat using Guid(f0decc7cb5e3c6247ae5bab843965f36) Importer(815301076,1909f56bfc062723c751e8b465ee728b)  -> (artifact id: '3b14ce36cc2c92f18cc0d41aa3a6cdd9') in 1.201428 seconds
  Import took 1.205807 seconds .

========================================================================
Received Import Request.
  Time since last request: 0.000304 seconds.
  path: Assets/Clock Red.mat
  artifactKey: Guid(536436bae9c594248aba68da348d5619) Importer(815301076,1909f56bfc062723c751e8b465ee728b)
Start importing Assets/Clock Red.mat using Guid(536436bae9c594248aba68da348d5619) Importer(815301076,1909f56bfc062723c751e8b465ee728b)  -> (artifact id: '2e97201640f7609b8d38ede1c15d46a5') in 0.015401 seconds
  Import took 0.018721 seconds .

========================================================================
Received Import Request.
  Time since last request: 581.517220 seconds.
  path: Assets/Scenes
  artifactKey: Guid(4f704ae4b4f98ae41a0bce26658850c1) Importer(815301076,1909f56bfc062723c751e8b465ee728b)
Start importing Assets/Scenes using Guid(4f704ae4b4f98ae41a0bce26658850c1) Importer(815301076,1909f56bfc062723c751e8b465ee728b)  -> (artifact id: 'da283f1b053bfba173002a4a5bcc88a5') in 0.007856 seconds
  Import took 0.011475 seconds .

========================================================================
Received Import Request.
  Time since last request: 0.012264 seconds.
  path: Assets/Scenes
  artifactKey: Guid(4f704ae4b4f98ae41a0bce26658850c1) Importer(815301076,1909f56bfc062723c751e8b465ee728b)
Start importing Assets/Scenes using Guid(4f704ae4b4f98ae41a0bce26658850c1) Importer(815301076,1909f56bfc062723c751e8b465ee728b)  -> (artifact id: 'da283f1b053bfba173002a4a5bcc88a5') in 0.014027 seconds
  Import took 0.017707 seconds .

========================================================================
Received Import Request.
  Time since last request: 1.082490 seconds.
  path: Assets/Scenes/SampleScene.unity
  artifactKey: Guid(99c9720ab356a0642a771bea13969a05) Importer(815301076,1909f56bfc062723c751e8b465ee728b)
Start importing Assets/Scenes/SampleScene.unity using Guid(99c9720ab356a0642a771bea13969a05) Importer(815301076,1909f56bfc062723c751e8b465ee728b)  -> (artifact id: '4e300b99078039f777a43558fa63b351') in 0.007718 seconds
  Import took 0.010304 seconds .

========================================================================
Received Import Request.
  Time since last request: 2.332891 seconds.
  path: Assets/Clock.cs
  artifactKey: Guid(4224f564829f2e043af467bed6c4d448) Importer(815301076,1909f56bfc062723c751e8b465ee728b)
Start importing Assets/Clock.cs using Guid(4224f564829f2e043af467bed6c4d448) Importer(815301076,1909f56bfc062723c751e8b465ee728b)  -> (artifact id: 'd5d5f96380048965053a03b9a53a155f') in 0.017539 seconds
  Import took 0.020791 seconds .

========================================================================
Received Import Request.
  Time since last request: 0.043197 seconds.
  path: Assets/Clock.cs
  artifactKey: Guid(4224f564829f2e043af467bed6c4d448) Importer(815301076,1909f56bfc062723c751e8b465ee728b)
Start importing Assets/Clock.cs using Guid(4224f564829f2e043af467bed6c4d448) Importer(815301076,1909f56bfc062723c751e8b465ee728b)  -> (artifact id: 'd5d5f96380048965053a03b9a53a155f') in 0.002358 seconds
  Import took 0.005819 seconds .

========================================================================
Received Prepare
Registering precompiled user dll's ...
Registered in 0.002667 seconds.
Begin MonoManager ReloadAssembly
Native extension for WindowsStandalone target not found
Refreshing native plugins compatible for Editor in 0.82 ms, found 0 plugins.
Preloading 0 native plugins for Editor in 0.00 ms.
Invoked RoslynAnalysisRunner static constructor.
RoslynAnalysisRunner will not be running.
RoslynAnalysisRunner has terminated.
Mono: successfully reloaded assembly
- Completed reload, in  1.302 seconds
Platform modules already initialized, skipping
Refreshing native plugins compatible for Editor in 0.99 ms, found 0 plugins.
Preloading 0 native plugins for Editor in 0.00 ms.
Unloading 1370 Unused Serialized files (Serialized files now loaded: 0)
System memory in use before: 67.2 MB.
System memory in use after: 67.3 MB.

Unloading 25 unused Assets to reduce memory usage. Loaded Objects now: 1844.
Total: 4.630200 ms (FindLiveObjects: 0.353100 ms CreateObjectMapping: 0.128400 ms MarkObjects: 3.979700 ms  DeleteObjects: 0.165900 ms)

========================================================================
Received Prepare
Registering precompiled user dll's ...
Registered in 0.001891 seconds.
Begin MonoManager ReloadAssembly
Native extension for WindowsStandalone target not found
Refreshing native plugins compatible for Editor in 0.40 ms, found 0 plugins.
Preloading 0 native plugins for Editor in 0.00 ms.
Invoked RoslynAnalysisRunner static constructor.
RoslynAnalysisRunner will not be running.
RoslynAnalysisRunner has terminated.
Mono: successfully reloaded assembly
- Completed reload, in  1.384 seconds
Platform modules already initialized, skipping
Refreshing native plugins compatible for Editor in 0.43 ms, found 0 plugins.
Preloading 0 native plugins for Editor in 0.00 ms.
Unloading 1370 Unused Serialized files (Serialized files now loaded: 0)
System memory in use before: 67.3 MB.
System memory in use after: 67.3 MB.

Unloading 25 unused Assets to reduce memory usage. Loaded Objects now: 1846.
Total: 2.568600 ms (FindLiveObjects: 0.354700 ms CreateObjectMapping: 0.108100 ms MarkObjects: 2.027300 ms  DeleteObjects: 0.076800 ms)

========================================================================
Received Import Request.
  Time since last request: 140.080165 seconds.
  path: Assets/Clock.cs
  artifactKey: Guid(4224f564829f2e043af467bed6c4d448) Importer(815301076,1909f56bfc062723c751e8b465ee728b)
Start importing Assets/Clock.cs using Guid(4224f564829f2e043af467bed6c4d448) Importer(815301076,1909f56bfc062723c751e8b465ee728b)  -> (artifact id: '7d715e9a916c9450194bcbc5cebd39b4') in 0.004673 seconds
  Import took 0.007331 seconds .

========================================================================
Received Import Request.
  Time since last request: 2.393402 seconds.
  path: Assets/Clock.cs
  artifactKey: Guid(4224f564829f2e043af467bed6c4d448) Importer(815301076,1909f56bfc062723c751e8b465ee728b)
Start importing Assets/Clock.cs using Guid(4224f564829f2e043af467bed6c4d448) Importer(815301076,1909f56bfc062723c751e8b465ee728b)  -> (artifact id: '7d715e9a916c9450194bcbc5cebd39b4') in 0.006687 seconds
  Import took 0.031870 seconds .

========================================================================
Received Prepare
Registering precompiled user dll's ...
Registered in 0.001884 seconds.
Begin MonoManager ReloadAssembly
Native extension for WindowsStandalone target not found
Refreshing native plugins compatible for Editor in 0.50 ms, found 0 plugins.
Preloading 0 native plugins for Editor in 0.00 ms.
Invoked RoslynAnalysisRunner static constructor.
RoslynAnalysisRunner will not be running.
RoslynAnalysisRunner has terminated.
Mono: successfully reloaded assembly
- Completed reload, in  1.103 seconds
Platform modules already initialized, skipping
Refreshing native plugins compatible for Editor in 0.43 ms, found 0 plugins.
Preloading 0 native plugins for Editor in 0.00 ms.
Unloading 1370 Unused Serialized files (Serialized files now loaded: 0)
System memory in use before: 67.3 MB.
System memory in use after: 67.4 MB.

Unloading 25 unused Assets to reduce memory usage. Loaded Objects now: 1848.
Total: 2.036400 ms (FindLiveObjects: 0.174300 ms CreateObjectMapping: 0.048700 ms MarkObjects: 1.756900 ms  DeleteObjects: 0.055500 ms)

========================================================================
Received Prepare
Registering precompiled user dll's ...
Registered in 0.002132 seconds.
Begin MonoManager ReloadAssembly
Native extension for WindowsStandalone target not found
Refreshing native plugins compatible for Editor in 0.48 ms, found 0 plugins.
Preloading 0 native plugins for Editor in 0.00 ms.
Invoked RoslynAnalysisRunner static constructor.
RoslynAnalysisRunner will not be running.
RoslynAnalysisRunner has terminated.
Mono: successfully reloaded assembly
- Completed reload, in  1.074 seconds
Platform modules already initialized, skipping
Refreshing native plugins compatible for Editor in 0.48 ms, found 0 plugins.
Preloading 0 native plugins for Editor in 0.00 ms.
Unloading 1370 Unused Serialized files (Serialized files now loaded: 0)
System memory in use before: 67.4 MB.
System memory in use after: 67.5 MB.

Unloading 25 unused Assets to reduce memory usage. Loaded Objects now: 1850.
Total: 2.451500 ms (FindLiveObjects: 0.179200 ms CreateObjectMapping: 0.059400 ms MarkObjects: 2.138400 ms  DeleteObjects: 0.072900 ms)

AssetImportWorkerClient::OnTransportError - code=2 error=End of file
